Using pre-set license
Built from '2020.3/staging' branch; Version is '2020.3.6f1 (338bb68529b2) revision 3378102'; Using compiler version '192528614'; Build Type 'Release'
OS: 'Windows 10 Pro; OS build 19042.928; Version 2009; 64bit' Language: 'en' Physical Memory: 16322 MB
BatchMode: 1, IsHumanControllingUs: 0, StartBugReporterOnCrash: 0, Is64bit: 1, IsPro: 0

 COMMAND LINE ARGUMENTS:
C:\Program Files\Unity\Hub\Editor\2020.3.6f1\Editor\Unity.exe
-adb2
-batchMode
-noUpm
-name
AssetImportWorker0
-projectPath
C:/Users/mr360/Documents/Programming/CLC/GamingDev-CLC/Term 4/InfiniteOcean
-logFile
Logs/AssetImportWorker0.log
-srvPort
61454
Successfully changed project path to: C:/Users/mr360/Documents/Programming/CLC/GamingDev-CLC/Term 4/InfiniteOcean
C:/Users/mr360/Documents/Programming/CLC/GamingDev-CLC/Term 4/InfiniteOcean
Using Asset Import Pipeline V2.
Cannot set VR devices because the platform passed isn't supported by Unity.

Cannot set VR devices because the platform passed isn't supported by Unity.

Cannot set VR devices because the platform passed isn't supported by Unity.

Cannot set VR devices because the platform passed isn't supported by Unity.

Cannot set VR devices because the platform passed isn't supported by Unity.

Cannot set VR devices because the platform passed isn't supported by Unity.

Cannot set VR devices because the platform passed isn't supported by Unity.

Cannot set VR devices because the platform passed isn't supported by Unity.

Cannot set VR devices because the platform passed isn't supported by Unity.

Cannot set VR devices because the platform passed isn't supported by Unity.

Cannot set VR devices because the platform passed isn't supported by Unity.

Refreshing native plugins compatible for Editor in 16.77 ms, found 0 plugins.
Preloading 0 native plugins for Editor in 0.00 ms.
Initialize engine version: 2020.3.6f1 (338bb68529b2)
[Subsystems] Discovering subsystems at path C:/Program Files/Unity/Hub/Editor/2020.3.6f1/Editor/Data/Resources/UnitySubsystems
[Subsystems] Discovering subsystems at path C:/Users/mr360/Documents/Programming/CLC/GamingDev-CLC/Term 4/InfiniteOcean/Assets
GfxDevice: creating device client; threaded=0
Direct3D:
    Version:  Direct3D 11.0 [level 11.1]
    Renderer: NVIDIA GeForce GTX 1070 (ID=0x1b81)
    Vendor:   
    VRAM:     8088 MB
    Driver:   27.21.14.6611
Initialize mono
Mono path[0] = 'C:/Program Files/Unity/Hub/Editor/2020.3.6f1/Editor/Data/Managed'
Mono path[1] = 'C:/Program Files/Unity/Hub/Editor/2020.3.6f1/Editor/Data/MonoBleedingEdge/lib/mono/unityjit'
Mono config path = 'C:/Program Files/Unity/Hub/Editor/2020.3.6f1/Editor/Data/MonoBleedingEdge/etc'
Using monoOptions --debugger-agent=transport=dt_socket,embedding=1,server=y,suspend=n,address=127.0.0.1:56704
Begin MonoManager ReloadAssembly
Registering precompiled unity dll's ...
Register platform support module: C:/Program Files/Unity/Hub/Editor/2020.3.6f1/Editor/Data/PlaybackEngines/WindowsStandaloneSupport/UnityEditor.WindowsStandalone.Extensions.dll
Registered in 0.001932 seconds.
Native extension for WindowsStandalone target not found
Refreshing native plugins compatible for Editor in 17.58 ms, found 0 plugins.
Preloading 0 native plugins for Editor in 0.00 ms.
Mono: successfully reloaded assembly
- Completed reload, in  0.893 seconds
Platform modules already initialized, skipping
Registering precompiled user dll's ...
Registered in 0.000620 seconds.
Begin MonoManager ReloadAssembly
Native extension for WindowsStandalone target not found
Refreshing native plugins compatible for Editor in 0.17 ms, found 0 plugins.
Preloading 0 native plugins for Editor in 0.00 ms.
Mono: successfully reloaded assembly
- Completed reload, in  0.623 seconds
Platform modules already initialized, skipping
========================================================================
Worker process is ready to serve import requests
Cannot set VR devices because the platform passed isn't supported by Unity.

Cannot set VR devices because the platform passed isn't supported by Unity.

Cannot set VR devices because the platform passed isn't supported by Unity.

Cannot set VR devices because the platform passed isn't supported by Unity.

Cannot set VR devices because the platform passed isn't supported by Unity.

Cannot set VR devices because the platform passed isn't supported by Unity.

Cannot set VR devices because the platform passed isn't supported by Unity.

Cannot set VR devices because the platform passed isn't supported by Unity.

Cannot set VR devices because the platform passed isn't supported by Unity.

Cannot set VR devices because the platform passed isn't supported by Unity.

Cannot set VR devices because the platform passed isn't supported by Unity.

Launched and connected shader compiler UnityShaderCompiler.exe after 0.04 seconds
Refreshing native plugins compatible for Editor in 0.17 ms, found 0 plugins.
Preloading 0 native plugins for Editor in 0.00 ms.
Unloading 1116 Unused Serialized files (Serialized files now loaded: 0)
System memory in use before: 57.6 MB.
System memory in use after: 57.6 MB.

Unloading 9 unused Assets to reduce memory usage. Loaded Objects now: 1557.
Total: 1.190700 ms (FindLiveObjects: 0.101900 ms CreateObjectMapping: 0.026900 ms MarkObjects: 1.015000 ms  DeleteObjects: 0.046400 ms)

========================================================================
Received Import Request.
  path: Assets/Sprites/background.png
  artifactKey: Guid(b630ceed8597bcb4da56394e769c1257) Importer(815301076,1909f56bfc062723c751e8b465ee728b)
Start importing Assets/Sprites/background.png using Guid(b630ceed8597bcb4da56394e769c1257) Importer(815301076,1909f56bfc062723c751e8b465ee728b)  -> (artifact id: '91038d2a808d5b21a757e7295725884e') in 0.210388 seconds
  Import took 0.211834 seconds .

========================================================================
Received Import Request.
  Time since last request: 0.000278 seconds.
  path: Assets/Sprites/shark.png
  artifactKey: Guid(e134009dacc5e81478659bfcfed93887) Importer(815301076,1909f56bfc062723c751e8b465ee728b)
Start importing Assets/Sprites/shark.png using Guid(e134009dacc5e81478659bfcfed93887) Importer(815301076,1909f56bfc062723c751e8b465ee728b)  -> (artifact id: '9ef2601a9539533823309dc425a1c1da') in 0.011928 seconds
  Import took 0.013352 seconds .

========================================================================
Received Import Request.
  Time since last request: 0.000170 seconds.
  path: Assets/Sprites/backgroundTexture.png
  artifactKey: Guid(6b177c1afade5a245ae0c9751b3d8e02) Importer(815301076,1909f56bfc062723c751e8b465ee728b)
Start importing Assets/Sprites/backgroundTexture.png using Guid(6b177c1afade5a245ae0c9751b3d8e02) Importer(815301076,1909f56bfc062723c751e8b465ee728b)  -> (artifact id: '00295352485ab02362b986627673a10b') in 0.010543 seconds
  Import took 0.011986 seconds .

========================================================================
Received Import Request.
  Time since last request: 0.000150 seconds.
  path: Assets/Sprites
  artifactKey: Guid(57f67f6bdebb50b4dbec75ae3daa9521) Importer(815301076,1909f56bfc062723c751e8b465ee728b)
Start importing Assets/Sprites using Guid(57f67f6bdebb50b4dbec75ae3daa9521) Importer(815301076,1909f56bfc062723c751e8b465ee728b)  -> (artifact id: 'ddae126f9eecf57dfdbce97b68d34e81') in 0.004986 seconds
  Import took 0.006248 seconds .

========================================================================
Received Import Request.
  Time since last request: 6.298295 seconds.
  path: Assets/Scripts
  artifactKey: Guid(a77d0bc486a73d4469c2cd096d3331b7) Importer(815301076,1909f56bfc062723c751e8b465ee728b)
Start importing Assets/Scripts using Guid(a77d0bc486a73d4469c2cd096d3331b7) Importer(815301076,1909f56bfc062723c751e8b465ee728b)  -> (artifact id: '5803d6367cd21e070cbac6ad60f3f049') in 0.005341 seconds
  Import took 0.007038 seconds .

========================================================================
Received Import Request.
  Time since last request: 1908.831013 seconds.
  path: Assets/Sprites/background.png
  artifactKey: Guid(b630ceed8597bcb4da56394e769c1257) Importer(815301076,1909f56bfc062723c751e8b465ee728b)
Start importing Assets/Sprites/background.png using Guid(b630ceed8597bcb4da56394e769c1257) Importer(815301076,1909f56bfc062723c751e8b465ee728b)  -> (artifact id: '4e826e4d2ae302ae5d51694241251624') in 0.023793 seconds
  Import took 0.025917 seconds .

========================================================================
Received Import Request.
  Time since last request: 6.351158 seconds.
  path: Assets/Sprites/backgroundTexture.png
  artifactKey: Guid(6b177c1afade5a245ae0c9751b3d8e02) Importer(815301076,1909f56bfc062723c751e8b465ee728b)
Start importing Assets/Sprites/backgroundTexture.png using Guid(6b177c1afade5a245ae0c9751b3d8e02) Importer(815301076,1909f56bfc062723c751e8b465ee728b)  -> (artifact id: 'aaca99f8f095cf99f75ba2781db27bfe') in 0.006155 seconds
  Import took 0.007678 seconds .

========================================================================
Received Import Request.
  Time since last request: 68.562147 seconds.
  path: Assets/Sprites/backgroundTexture.png
  artifactKey: Guid(6b177c1afade5a245ae0c9751b3d8e02) Importer(815301076,1909f56bfc062723c751e8b465ee728b)
Start importing Assets/Sprites/backgroundTexture.png using Guid(6b177c1afade5a245ae0c9751b3d8e02) Importer(815301076,1909f56bfc062723c751e8b465ee728b)  -> (artifact id: 'dd6cbb63916162208f36cdd48053e66f') in 0.008575 seconds
  Import took 0.010337 seconds .

========================================================================
Received Import Request.
  Time since last request: 8.677708 seconds.
  path: Assets/Sprites/background.png
  artifactKey: Guid(b630ceed8597bcb4da56394e769c1257) Importer(815301076,1909f56bfc062723c751e8b465ee728b)
Start importing Assets/Sprites/background.png using Guid(b630ceed8597bcb4da56394e769c1257) Importer(815301076,1909f56bfc062723c751e8b465ee728b)  -> (artifact id: 'c64c592f8e80219301674992c887ce0c') in 0.007251 seconds
  Import took 0.011816 seconds .

========================================================================
Received Import Request.
  Time since last request: 385.199285 seconds.
  path: Assets/Sprites/Materials/backgroundTexture.mat
  artifactKey: Guid(14257458aad246a4a9ecada80d478fd8) Importer(815301076,1909f56bfc062723c751e8b465ee728b)
Start importing Assets/Sprites/Materials/backgroundTexture.mat using Guid(14257458aad246a4a9ecada80d478fd8) Importer(815301076,1909f56bfc062723c751e8b465ee728b)  -> (artifact id: '8cc979d1117f5e03ed226e491bdcea93') in 0.050599 seconds
  Import took 0.052933 seconds .

========================================================================
Received Import Request.
  Time since last request: 0.002153 seconds.
  path: Assets/Sprites/Materials/backgroundTexture.mat
  artifactKey: Guid(14257458aad246a4a9ecada80d478fd8) Importer(815301076,1909f56bfc062723c751e8b465ee728b)
Start importing Assets/Sprites/Materials/backgroundTexture.mat using Guid(14257458aad246a4a9ecada80d478fd8) Importer(815301076,1909f56bfc062723c751e8b465ee728b)  -> (artifact id: '8cc979d1117f5e03ed226e491bdcea93') in 0.012166 seconds
  Import took 0.013764 seconds .

========================================================================
Received Import Request.
  Time since last request: 679.516349 seconds.
  path: Assets/Scripts/QuadScroller.cs
  artifactKey: Guid(2456c125809325e4683b574cfea98d75) Importer(815301076,1909f56bfc062723c751e8b465ee728b)
Start importing Assets/Scripts/QuadScroller.cs using Guid(2456c125809325e4683b574cfea98d75) Importer(815301076,1909f56bfc062723c751e8b465ee728b)  -> (artifact id: '94ae287e76e0abafc55612fe1e3b4037') in 0.012800 seconds
  Import took 0.014547 seconds .

========================================================================
Received Import Request.
  Time since last request: 0.005321 seconds.
  path: Assets/Scripts/QuadScroller.cs
  artifactKey: Guid(2456c125809325e4683b574cfea98d75) Importer(815301076,1909f56bfc062723c751e8b465ee728b)
Start importing Assets/Scripts/QuadScroller.cs using Guid(2456c125809325e4683b574cfea98d75) Importer(815301076,1909f56bfc062723c751e8b465ee728b)  -> (artifact id: '94ae287e76e0abafc55612fe1e3b4037') in 0.001983 seconds
  Import took 0.003415 seconds .

========================================================================
Received Prepare
Cannot set VR devices because the platform passed isn't supported by Unity.

Cannot set VR devices because the platform passed isn't supported by Unity.

Cannot set VR devices because the platform passed isn't supported by Unity.

Cannot set VR devices because the platform passed isn't supported by Unity.

Cannot set VR devices because the platform passed isn't supported by Unity.

Cannot set VR devices because the platform passed isn't supported by Unity.

Cannot set VR devices because the platform passed isn't supported by Unity.

Cannot set VR devices because the platform passed isn't supported by Unity.

Cannot set VR devices because the platform passed isn't supported by Unity.

Cannot set VR devices because the platform passed isn't supported by Unity.

Cannot set VR devices because the platform passed isn't supported by Unity.

Registering precompiled user dll's ...
Registered in 0.000579 seconds.
Begin MonoManager ReloadAssembly
Native extension for WindowsStandalone target not found
Refreshing native plugins compatible for Editor in 0.16 ms, found 0 plugins.
Preloading 0 native plugins for Editor in 0.00 ms.
Mono: successfully reloaded assembly
- Completed reload, in  0.595 seconds
Platform modules already initialized, skipping
Refreshing native plugins compatible for Editor in 0.16 ms, found 0 plugins.
Preloading 0 native plugins for Editor in 0.00 ms.
Unloading 1112 Unused Serialized files (Serialized files now loaded: 0)
System memory in use before: 60.8 MB.
System memory in use after: 60.9 MB.

Unloading 4 unused Assets to reduce memory usage. Loaded Objects now: 1606.
Total: 1.162200 ms (FindLiveObjects: 0.112100 ms CreateObjectMapping: 0.028100 ms MarkObjects: 1.010900 ms  DeleteObjects: 0.010200 ms)

========================================================================
Received Prepare
Cannot set VR devices because the platform passed isn't supported by Unity.

Cannot set VR devices because the platform passed isn't supported by Unity.

Cannot set VR devices because the platform passed isn't supported by Unity.

Cannot set VR devices because the platform passed isn't supported by Unity.

Cannot set VR devices because the platform passed isn't supported by Unity.

Cannot set VR devices because the platform passed isn't supported by Unity.

Cannot set VR devices because the platform passed isn't supported by Unity.

Cannot set VR devices because the platform passed isn't supported by Unity.

Cannot set VR devices because the platform passed isn't supported by Unity.

Cannot set VR devices because the platform passed isn't supported by Unity.

Cannot set VR devices because the platform passed isn't supported by Unity.

Registering precompiled user dll's ...
Registered in 0.001037 seconds.
Begin MonoManager ReloadAssembly
Native extension for WindowsStandalone target not found
Refreshing native plugins compatible for Editor in 0.15 ms, found 0 plugins.
Preloading 0 native plugins for Editor in 0.00 ms.
Mono: successfully reloaded assembly
- Completed reload, in  0.599 seconds
Platform modules already initialized, skipping
Refreshing native plugins compatible for Editor in 0.16 ms, found 0 plugins.
Preloading 0 native plugins for Editor in 0.00 ms.
Unloading 1112 Unused Serialized files (Serialized files now loaded: 0)
System memory in use before: 60.8 MB.
System memory in use after: 60.9 MB.

Unloading 4 unused Assets to reduce memory usage. Loaded Objects now: 1609.
Total: 1.208700 ms (FindLiveObjects: 0.116600 ms CreateObjectMapping: 0.031600 ms MarkObjects: 1.049300 ms  DeleteObjects: 0.010200 ms)

========================================================================
Received Import Request.
  Time since last request: 586.953311 seconds.
  path: Assets/Scripts/QuadScroller.cs
  artifactKey: Guid(2456c125809325e4683b574cfea98d75) Importer(815301076,1909f56bfc062723c751e8b465ee728b)
Start importing Assets/Scripts/QuadScroller.cs using Guid(2456c125809325e4683b574cfea98d75) Importer(815301076,1909f56bfc062723c751e8b465ee728b)  -> (artifact id: '85b10945294e29f2a2868610d36147fc') in 0.006195 seconds
  Import took 0.007960 seconds .

========================================================================
Received Prepare
Cannot set VR devices because the platform passed isn't supported by Unity.

Cannot set VR devices because the platform passed isn't supported by Unity.

Cannot set VR devices because the platform passed isn't supported by Unity.

Cannot set VR devices because the platform passed isn't supported by Unity.

Cannot set VR devices because the platform passed isn't supported by Unity.

Cannot set VR devices because the platform passed isn't supported by Unity.

Cannot set VR devices because the platform passed isn't supported by Unity.

Cannot set VR devices because the platform passed isn't supported by Unity.

Cannot set VR devices because the platform passed isn't supported by Unity.

Cannot set VR devices because the platform passed isn't supported by Unity.

Cannot set VR devices because the platform passed isn't supported by Unity.

Registering precompiled user dll's ...
Registered in 0.000682 seconds.
Begin MonoManager ReloadAssembly
Native extension for WindowsStandalone target not found
Refreshing native plugins compatible for Editor in 0.16 ms, found 0 plugins.
Preloading 0 native plugins for Editor in 0.00 ms.
Mono: successfully reloaded assembly
- Completed reload, in  0.585 seconds
Platform modules already initialized, skipping
Refreshing native plugins compatible for Editor in 0.26 ms, found 0 plugins.
Preloading 0 native plugins for Editor in 0.00 ms.
Unloading 1112 Unused Serialized files (Serialized files now loaded: 0)
System memory in use before: 60.8 MB.
System memory in use after: 60.9 MB.

Unloading 4 unused Assets to reduce memory usage. Loaded Objects now: 1612.
Total: 1.203000 ms (FindLiveObjects: 0.117600 ms CreateObjectMapping: 0.032800 ms MarkObjects: 1.041200 ms  DeleteObjects: 0.010200 ms)

AssetImportWorkerClient::OnTransportError - code=2 error=End of file
